The system is: Darwin - 21.4.0 - x86_64
Compiling the CXX compiler identification source file "CMakeCXXCompilerId.cpp" succeeded.
Compiler: /Library/Developer/CommandLineTools/usr/bin/c++ 
Build flags: 
Id flags: -c 

The output was:
0


Compilation of the CXX compiler identification source "CMakeCXXCompilerId.cpp" produced "CMakeCXXCompilerId.o"

The CXX compiler identification is AppleClang, found in "/Users/cpark/Desktop/valhalla/CMakeFiles/3.23.1/CompilerIdCXX/CMakeCXXCompilerId.o"

Compiling the C compiler identification source file "CMakeCCompilerId.c" succeeded.
Compiler: /Library/Developer/CommandLineTools/usr/bin/cc 
Build flags: 
Id flags: -c 

The output was:
0


Compilation of the C compiler identification source "CMakeCCompilerId.c" produced "CMakeCCompilerId.o"

The C compiler identification is AppleClang, found in "/Users/cpark/Desktop/valhalla/CMakeFiles/3.23.1/CompilerIdC/CMakeCCompilerId.o"

Detecting CXX compiler ABI info compiled with the following output:
Change Dir: /Users/cpark/Desktop/valhalla/CMakeFiles/CMakeTmp

Run Build Command(s):/usr/bin/make -f Makefile cmTC_34b37/fast && /Library/Developer/CommandLineTools/usr/bin/make  -f CMakeFiles/cmTC_34b37.dir/build.make CMakeFiles/cmTC_34b37.dir/build
Building CXX object CMakeFiles/cmTC_34b37.dir/CMakeCXXCompilerABI.cpp.o
/Library/Developer/CommandLineTools/usr/bin/c++   -arch x86_64 -isysroot /Library/Developer/CommandLineTools/SDKs/MacOSX12.3.sdk   -v -Wl,-v -MD -MT CMakeFiles/cmTC_34b37.dir/CMakeCXXCompilerABI.cpp.o -MF CMakeFiles/cmTC_34b37.dir/CMakeCXXCompilerABI.cpp.o.d -o CMakeFiles/cmTC_34b37.dir/CMakeCXXCompilerABI.cpp.o -c /usr/local/Cellar/cmake/3.23.1/share/cmake/Modules/CMakeCXXCompilerABI.cpp
Apple clang version 13.1.6 (clang-1316.0.21.2)
Target: x86_64-apple-darwin21.4.0
Thread model: posix
InstalledDir: /Library/Developer/CommandLineTools/usr/bin
clang: warning: -Wl,-v: 'linker' input unused [-Wunused-command-line-argument]
 "/Library/Developer/CommandLineTools/usr/bin/clang" -cc1 -triple x86_64-apple-macosx12.0.0 -Wundef-prefix=TARGET_OS_ -Wdeprecated-objc-isa-usage -Werror=deprecated-objc-isa-usage -Werror=implicit-function-declaration -emit-obj -mrelax-all --mrelax-relocations -disable-free -disable-llvm-verifier -discard-value-names -main-file-name CMakeCXXCompilerABI.cpp -mrelocation-model pic -pic-level 2 -mframe-pointer=all -fno-strict-return -fno-rounding-math -munwind-tables -target-sdk-version=12.3 -fvisibility-inlines-hidden-static-local-var -target-cpu penryn -tune-cpu generic -debugger-tuning=lldb -target-linker-version 762 -v -resource-dir /Library/Developer/CommandLineTools/usr/lib/clang/13.1.6 -dependency-file CMakeFiles/cmTC_34b37.dir/CMakeCXXCompilerABI.cpp.o.d -skip-unused-modulemap-deps -MT CMakeFiles/cmTC_34b37.dir/CMakeCXXCompilerABI.cpp.o -sys-header-deps -isysroot /Library/Developer/CommandLineTools/SDKs/MacOSX12.3.sdk -stdlib=libc++ -internal-isystem /Library/Developer/CommandLineTools/SDKs/MacOSX12.3.sdk/usr/include/c++/v1 -internal-isystem /Library/Developer/CommandLineTools/SDKs/MacOSX12.3.sdk/usr/local/include -internal-isystem /Library/Developer/CommandLineTools/usr/lib/clang/13.1.6/include -internal-externc-isystem /Library/Developer/CommandLineTools/SDKs/MacOSX12.3.sdk/usr/include -internal-externc-isystem /Library/Developer/CommandLineTools/usr/include -Wno-reorder-init-list -Wno-implicit-int-float-conversion -Wno-c99-designator -Wno-final-dtor-non-final-class -Wno-extra-semi-stmt -Wno-misleading-indentation -Wno-quoted-include-in-framework-header -Wno-implicit-fallthrough -Wno-enum-enum-conversion -Wno-enum-float-conversion -Wno-elaborated-enum-base -Wno-reserved-identifier -Wno-gnu-folding-constant -Wno-objc-load-method -fdeprecated-macro -fdebug-compilation-dir=/Users/cpark/Desktop/valhalla/CMakeFiles/CMakeTmp -ferror-limit 19 -stack-protector 1 -fstack-check -mdarwin-stkchk-strong-link -fblocks -fencode-extended-block-signature -fregister-global-dtors-with-atexit -fgnuc-version=4.2.1 -fno-cxx-modules -fcxx-exceptions -fexceptions -fmax-type-align=16 -fcommon -clang-vendor-feature=+messageToSelfInClassMethodIdReturnType -clang-vendor-feature=+disableInferNewAvailabilityFromInit -clang-vendor-feature=+disableNonDependentMemberExprInCurrentInstantiation -fno-odr-hash-protocols -clang-vendor-feature=+enableAggressiveVLAFolding -clang-vendor-feature=+revert09abecef7bbf -clang-vendor-feature=+thisNoAlignAttr -clang-vendor-feature=+thisNoNullAttr -mllvm -disable-aligned-alloc-awareness=1 -D__GCC_HAVE_DWARF2_CFI_ASM=1 -o CMakeFiles/cmTC_34b37.dir/CMakeCXXCompilerABI.cpp.o -x c++ /usr/local/Cellar/cmake/3.23.1/share/cmake/Modules/CMakeCXXCompilerABI.cpp
clang -cc1 version 13.1.6 (clang-1316.0.21.2) default target x86_64-apple-darwin21.4.0
ignoring nonexistent directory "/Library/Developer/CommandLineTools/SDKs/MacOSX12.3.sdk/usr/local/include"
ignoring nonexistent directory "/Library/Developer/CommandLineTools/SDKs/MacOSX12.3.sdk/Library/Frameworks"
#include "..." search starts here:
#include <...> search starts here:
 /Library/Developer/CommandLineTools/SDKs/MacOSX12.3.sdk/usr/include/c++/v1
 /Library/Developer/CommandLineTools/usr/lib/clang/13.1.6/include
 /Library/Developer/CommandLineTools/SDKs/MacOSX12.3.sdk/usr/include
 /Library/Developer/CommandLineTools/usr/include
 /Library/Developer/CommandLineTools/SDKs/MacOSX12.3.sdk/System/Library/Frameworks (framework directory)
End of search list.
Linking CXX executable cmTC_34b37
/usr/local/Cellar/cmake/3.23.1/bin/cmake -E cmake_link_script CMakeFiles/cmTC_34b37.dir/link.txt --verbose=1
/Library/Developer/CommandLineTools/usr/bin/c++  -arch x86_64 -isysroot /Library/Developer/CommandLineTools/SDKs/MacOSX12.3.sdk -Wl,-search_paths_first -Wl,-headerpad_max_install_names  -v -Wl,-v CMakeFiles/cmTC_34b37.dir/CMakeCXXCompilerABI.cpp.o -o cmTC_34b37 
Apple clang version 13.1.6 (clang-1316.0.21.2)
Target: x86_64-apple-darwin21.4.0
Thread model: posix
InstalledDir: /Library/Developer/CommandLineTools/usr/bin
 "/Library/Developer/CommandLineTools/usr/bin/ld" -demangle -lto_library /Library/Developer/CommandLineTools/usr/lib/libLTO.dylib -dynamic -arch x86_64 -platform_version macos 12.0.0 12.3 -syslibroot /Library/Developer/CommandLineTools/SDKs/MacOSX12.3.sdk -o cmTC_34b37 -search_paths_first -headerpad_max_install_names -v CMakeFiles/cmTC_34b37.dir/CMakeCXXCompilerABI.cpp.o -lc++ -lSystem /Library/Developer/CommandLineTools/usr/lib/clang/13.1.6/lib/darwin/libclang_rt.osx.a
@(#)PROGRAM:ld  PROJECT:ld64-762
BUILD 06:28:45 Feb 18 2022
configured to support archs: armv6 armv7 armv7s arm64 arm64e arm64_32 i386 x86_64 x86_64h armv6m armv7k armv7m armv7em
Library search paths:
	/Library/Developer/CommandLineTools/SDKs/MacOSX12.3.sdk/usr/lib
Framework search paths:
	/Library/Developer/CommandLineTools/SDKs/MacOSX12.3.sdk/System/Library/Frameworks/



Parsed CXX implicit include dir info from above output: rv=done
  found start of include info
  found start of implicit include info
    add: [/Library/Developer/CommandLineTools/SDKs/MacOSX12.3.sdk/usr/include/c++/v1]
    add: [/Library/Developer/CommandLineTools/usr/lib/clang/13.1.6/include]
    add: [/Library/Developer/CommandLineTools/SDKs/MacOSX12.3.sdk/usr/include]
    add: [/Library/Developer/CommandLineTools/usr/include]
  end of search list found
  collapse include dir [/Library/Developer/CommandLineTools/SDKs/MacOSX12.3.sdk/usr/include/c++/v1] ==> [/Library/Developer/CommandLineTools/SDKs/MacOSX12.3.sdk/usr/include/c++/v1]
  collapse include dir [/Library/Developer/CommandLineTools/usr/lib/clang/13.1.6/include] ==> [/Library/Developer/CommandLineTools/usr/lib/clang/13.1.6/include]
  collapse include dir [/Library/Developer/CommandLineTools/SDKs/MacOSX12.3.sdk/usr/include] ==> [/Library/Developer/CommandLineTools/SDKs/MacOSX12.3.sdk/usr/include]
  collapse include dir [/Library/Developer/CommandLineTools/usr/include] ==> [/Library/Developer/CommandLineTools/usr/include]
  implicit include dirs: [/Library/Developer/CommandLineTools/SDKs/MacOSX12.3.sdk/usr/include/c++/v1;/Library/Developer/CommandLineTools/usr/lib/clang/13.1.6/include;/Library/Developer/CommandLineTools/SDKs/MacOSX12.3.sdk/usr/include;/Library/Developer/CommandLineTools/usr/include]


Parsed CXX implicit link information from above output:
  link line regex: [^( *|.*[/\])(ld|CMAKE_LINK_STARTFILE-NOTFOUND|([^/\]+-)?ld|collect2)[^/\]*( |$)]
  ignore line: [Change Dir: /Users/cpark/Desktop/valhalla/CMakeFiles/CMakeTmp]
  ignore line: []
  ignore line: [Run Build Command(s):/usr/bin/make -f Makefile cmTC_34b37/fast && /Library/Developer/CommandLineTools/usr/bin/make  -f CMakeFiles/cmTC_34b37.dir/build.make CMakeFiles/cmTC_34b37.dir/build]
  ignore line: [Building CXX object CMakeFiles/cmTC_34b37.dir/CMakeCXXCompilerABI.cpp.o]
  ignore line: [/Library/Developer/CommandLineTools/usr/bin/c++   -arch x86_64 -isysroot /Library/Developer/CommandLineTools/SDKs/MacOSX12.3.sdk   -v -Wl -v -MD -MT CMakeFiles/cmTC_34b37.dir/CMakeCXXCompilerABI.cpp.o -MF CMakeFiles/cmTC_34b37.dir/CMakeCXXCompilerABI.cpp.o.d -o CMakeFiles/cmTC_34b37.dir/CMakeCXXCompilerABI.cpp.o -c /usr/local/Cellar/cmake/3.23.1/share/cmake/Modules/CMakeCXXCompilerABI.cpp]
  ignore line: [Apple clang version 13.1.6 (clang-1316.0.21.2)]
  ignore line: [Target: x86_64-apple-darwin21.4.0]
  ignore line: [Thread model: posix]
  ignore line: [InstalledDir: /Library/Developer/CommandLineTools/usr/bin]
  ignore line: [clang: warning: -Wl -v: 'linker' input unused [-Wunused-command-line-argument]]
  ignore line: [ "/Library/Developer/CommandLineTools/usr/bin/clang" -cc1 -triple x86_64-apple-macosx12.0.0 -Wundef-prefix=TARGET_OS_ -Wdeprecated-objc-isa-usage -Werror=deprecated-objc-isa-usage -Werror=implicit-function-declaration -emit-obj -mrelax-all --mrelax-relocations -disable-free -disable-llvm-verifier -discard-value-names -main-file-name CMakeCXXCompilerABI.cpp -mrelocation-model pic -pic-level 2 -mframe-pointer=all -fno-strict-return -fno-rounding-math -munwind-tables -target-sdk-version=12.3 -fvisibility-inlines-hidden-static-local-var -target-cpu penryn -tune-cpu generic -debugger-tuning=lldb -target-linker-version 762 -v -resource-dir /Library/Developer/CommandLineTools/usr/lib/clang/13.1.6 -dependency-file CMakeFiles/cmTC_34b37.dir/CMakeCXXCompilerABI.cpp.o.d -skip-unused-modulemap-deps -MT CMakeFiles/cmTC_34b37.dir/CMakeCXXCompilerABI.cpp.o -sys-header-deps -isysroot /Library/Developer/CommandLineTools/SDKs/MacOSX12.3.sdk -stdlib=libc++ -internal-isystem /Library/Developer/CommandLineTools/SDKs/MacOSX12.3.sdk/usr/include/c++/v1 -internal-isystem /Library/Developer/CommandLineTools/SDKs/MacOSX12.3.sdk/usr/local/include -internal-isystem /Library/Developer/CommandLineTools/usr/lib/clang/13.1.6/include -internal-externc-isystem /Library/Developer/CommandLineTools/SDKs/MacOSX12.3.sdk/usr/include -internal-externc-isystem /Library/Developer/CommandLineTools/usr/include -Wno-reorder-init-list -Wno-implicit-int-float-conversion -Wno-c99-designator -Wno-final-dtor-non-final-class -Wno-extra-semi-stmt -Wno-misleading-indentation -Wno-quoted-include-in-framework-header -Wno-implicit-fallthrough -Wno-enum-enum-conversion -Wno-enum-float-conversion -Wno-elaborated-enum-base -Wno-reserved-identifier -Wno-gnu-folding-constant -Wno-objc-load-method -fdeprecated-macro -fdebug-compilation-dir=/Users/cpark/Desktop/valhalla/CMakeFiles/CMakeTmp -ferror-limit 19 -stack-protector 1 -fstack-check -mdarwin-stkchk-strong-link -fblocks -fencode-extended-block-signature -fregister-global-dtors-with-atexit -fgnuc-version=4.2.1 -fno-cxx-modules -fcxx-exceptions -fexceptions -fmax-type-align=16 -fcommon -clang-vendor-feature=+messageToSelfInClassMethodIdReturnType -clang-vendor-feature=+disableInferNewAvailabilityFromInit -clang-vendor-feature=+disableNonDependentMemberExprInCurrentInstantiation -fno-odr-hash-protocols -clang-vendor-feature=+enableAggressiveVLAFolding -clang-vendor-feature=+revert09abecef7bbf -clang-vendor-feature=+thisNoAlignAttr -clang-vendor-feature=+thisNoNullAttr -mllvm -disable-aligned-alloc-awareness=1 -D__GCC_HAVE_DWARF2_CFI_ASM=1 -o CMakeFiles/cmTC_34b37.dir/CMakeCXXCompilerABI.cpp.o -x c++ /usr/local/Cellar/cmake/3.23.1/share/cmake/Modules/CMakeCXXCompilerABI.cpp]
  ignore line: [clang -cc1 version 13.1.6 (clang-1316.0.21.2) default target x86_64-apple-darwin21.4.0]
  ignore line: [ignoring nonexistent directory "/Library/Developer/CommandLineTools/SDKs/MacOSX12.3.sdk/usr/local/include"]
  ignore line: [ignoring nonexistent directory "/Library/Developer/CommandLineTools/SDKs/MacOSX12.3.sdk/Library/Frameworks"]
  ignore line: [#include "..." search starts here:]
  ignore line: [#include <...> search starts here:]
  ignore line: [ /Library/Developer/CommandLineTools/SDKs/MacOSX12.3.sdk/usr/include/c++/v1]
  ignore line: [ /Library/Developer/CommandLineTools/usr/lib/clang/13.1.6/include]
  ignore line: [ /Library/Developer/CommandLineTools/SDKs/MacOSX12.3.sdk/usr/include]
  ignore line: [ /Library/Developer/CommandLineTools/usr/include]
  ignore line: [ /Library/Developer/CommandLineTools/SDKs/MacOSX12.3.sdk/System/Library/Frameworks (framework directory)]
  ignore line: [End of search list.]
  ignore line: [Linking CXX executable cmTC_34b37]
  ignore line: [/usr/local/Cellar/cmake/3.23.1/bin/cmake -E cmake_link_script CMakeFiles/cmTC_34b37.dir/link.txt --verbose=1]
  ignore line: [/Library/Developer/CommandLineTools/usr/bin/c++  -arch x86_64 -isysroot /Library/Developer/CommandLineTools/SDKs/MacOSX12.3.sdk -Wl -search_paths_first -Wl -headerpad_max_install_names  -v -Wl -v CMakeFiles/cmTC_34b37.dir/CMakeCXXCompilerABI.cpp.o -o cmTC_34b37 ]
  ignore line: [Apple clang version 13.1.6 (clang-1316.0.21.2)]
  ignore line: [Target: x86_64-apple-darwin21.4.0]
  ignore line: [Thread model: posix]
  ignore line: [InstalledDir: /Library/Developer/CommandLineTools/usr/bin]
  link line: [ "/Library/Developer/CommandLineTools/usr/bin/ld" -demangle -lto_library /Library/Developer/CommandLineTools/usr/lib/libLTO.dylib -dynamic -arch x86_64 -platform_version macos 12.0.0 12.3 -syslibroot /Library/Developer/CommandLineTools/SDKs/MacOSX12.3.sdk -o cmTC_34b37 -search_paths_first -headerpad_max_install_names -v CMakeFiles/cmTC_34b37.dir/CMakeCXXCompilerABI.cpp.o -lc++ -lSystem /Library/Developer/CommandLineTools/usr/lib/clang/13.1.6/lib/darwin/libclang_rt.osx.a]
    arg [/Library/Developer/CommandLineTools/usr/bin/ld] ==> ignore
    arg [-demangle] ==> ignore
    arg [-lto_library] ==> ignore, skip following value
    arg [/Library/Developer/CommandLineTools/usr/lib/libLTO.dylib] ==> skip value of -lto_library
    arg [-dynamic] ==> ignore
    arg [-arch] ==> ignore
    arg [x86_64] ==> ignore
    arg [-platform_version] ==> ignore
    arg [macos] ==> ignore
    arg [12.0.0] ==> ignore
    arg [12.3] ==> ignore
    arg [-syslibroot] ==> ignore
    arg [/Library/Developer/CommandLineTools/SDKs/MacOSX12.3.sdk] ==> ignore
    arg [-o] ==> ignore
    arg [cmTC_34b37] ==> ignore
    arg [-search_paths_first] ==> ignore
    arg [-headerpad_max_install_names] ==> ignore
    arg [-v] ==> ignore
    arg [CMakeFiles/cmTC_34b37.dir/CMakeCXXCompilerABI.cpp.o] ==> ignore
    arg [-lc++] ==> lib [c++]
    arg [-lSystem] ==> lib [System]
    arg [/Library/Developer/CommandLineTools/usr/lib/clang/13.1.6/lib/darwin/libclang_rt.osx.a] ==> lib [/Library/Developer/CommandLineTools/usr/lib/clang/13.1.6/lib/darwin/libclang_rt.osx.a]
  Library search paths: [;/Library/Developer/CommandLineTools/SDKs/MacOSX12.3.sdk/usr/lib]
  Framework search paths: [;/Library/Developer/CommandLineTools/SDKs/MacOSX12.3.sdk/System/Library/Frameworks/]
  remove lib [System]
  remove lib [/Library/Developer/CommandLineTools/usr/lib/clang/13.1.6/lib/darwin/libclang_rt.osx.a]
  collapse library dir [/Library/Developer/CommandLineTools/SDKs/MacOSX12.3.sdk/usr/lib] ==> [/Library/Developer/CommandLineTools/SDKs/MacOSX12.3.sdk/usr/lib]
  collapse framework dir [/Library/Developer/CommandLineTools/SDKs/MacOSX12.3.sdk/System/Library/Frameworks/] ==> [/Library/Developer/CommandLineTools/SDKs/MacOSX12.3.sdk/System/Library/Frameworks]
  implicit libs: [c++]
  implicit objs: []
  implicit dirs: [/Library/Developer/CommandLineTools/SDKs/MacOSX12.3.sdk/usr/lib]
  implicit fwks: [/Library/Developer/CommandLineTools/SDKs/MacOSX12.3.sdk/System/Library/Frameworks]


Detecting C compiler ABI info compiled with the following output:
Change Dir: /Users/cpark/Desktop/valhalla/CMakeFiles/CMakeTmp

Run Build Command(s):/usr/bin/make -f Makefile cmTC_8e25a/fast && /Library/Developer/CommandLineTools/usr/bin/make  -f CMakeFiles/cmTC_8e25a.dir/build.make CMakeFiles/cmTC_8e25a.dir/build
Building C object CMakeFiles/cmTC_8e25a.dir/CMakeCCompilerABI.c.o
/Library/Developer/CommandLineTools/usr/bin/cc   -arch x86_64 -isysroot /Library/Developer/CommandLineTools/SDKs/MacOSX12.3.sdk   -v -Wl,-v -MD -MT CMakeFiles/cmTC_8e25a.dir/CMakeCCompilerABI.c.o -MF CMakeFiles/cmTC_8e25a.dir/CMakeCCompilerABI.c.o.d -o CMakeFiles/cmTC_8e25a.dir/CMakeCCompilerABI.c.o -c /usr/local/Cellar/cmake/3.23.1/share/cmake/Modules/CMakeCCompilerABI.c
Apple clang version 13.1.6 (clang-1316.0.21.2)
Target: x86_64-apple-darwin21.4.0
Thread model: posix
InstalledDir: /Library/Developer/CommandLineTools/usr/bin
clang: warning: -Wl,-v: 'linker' input unused [-Wunused-command-line-argument]
 "/Library/Developer/CommandLineTools/usr/bin/clang" -cc1 -triple x86_64-apple-macosx12.0.0 -Wundef-prefix=TARGET_OS_ -Wdeprecated-objc-isa-usage -Werror=deprecated-objc-isa-usage -Werror=implicit-function-declaration -emit-obj -mrelax-all --mrelax-relocations -disable-free -disable-llvm-verifier -discard-value-names -main-file-name CMakeCCompilerABI.c -mrelocation-model pic -pic-level 2 -mframe-pointer=all -fno-strict-return -fno-rounding-math -munwind-tables -target-sdk-version=12.3 -fvisibility-inlines-hidden-static-local-var -target-cpu penryn -tune-cpu generic -debugger-tuning=lldb -target-linker-version 762 -v -resource-dir /Library/Developer/CommandLineTools/usr/lib/clang/13.1.6 -dependency-file CMakeFiles/cmTC_8e25a.dir/CMakeCCompilerABI.c.o.d -skip-unused-modulemap-deps -MT CMakeFiles/cmTC_8e25a.dir/CMakeCCompilerABI.c.o -sys-header-deps -isysroot /Library/Developer/CommandLineTools/SDKs/MacOSX12.3.sdk -internal-isystem /Library/Developer/CommandLineTools/SDKs/MacOSX12.3.sdk/usr/local/include -internal-isystem /Library/Developer/CommandLineTools/usr/lib/clang/13.1.6/include -internal-externc-isystem /Library/Developer/CommandLineTools/SDKs/MacOSX12.3.sdk/usr/include -internal-externc-isystem /Library/Developer/CommandLineTools/usr/include -Wno-reorder-init-list -Wno-implicit-int-float-conversion -Wno-c99-designator -Wno-final-dtor-non-final-class -Wno-extra-semi-stmt -Wno-misleading-indentation -Wno-quoted-include-in-framework-header -Wno-implicit-fallthrough -Wno-enum-enum-conversion -Wno-enum-float-conversion -Wno-elaborated-enum-base -Wno-reserved-identifier -Wno-gnu-folding-constant -Wno-objc-load-method -fdebug-compilation-dir=/Users/cpark/Desktop/valhalla/CMakeFiles/CMakeTmp -ferror-limit 19 -stack-protector 1 -fstack-check -mdarwin-stkchk-strong-link -fblocks -fencode-extended-block-signature -fregister-global-dtors-with-atexit -fgnuc-version=4.2.1 -fmax-type-align=16 -fcommon -clang-vendor-feature=+messageToSelfInClassMethodIdReturnType -clang-vendor-feature=+disableInferNewAvailabilityFromInit -clang-vendor-feature=+disableNonDependentMemberExprInCurrentInstantiation -fno-odr-hash-protocols -clang-vendor-feature=+enableAggressiveVLAFolding -clang-vendor-feature=+revert09abecef7bbf -clang-vendor-feature=+thisNoAlignAttr -clang-vendor-feature=+thisNoNullAttr -mllvm -disable-aligned-alloc-awareness=1 -D__GCC_HAVE_DWARF2_CFI_ASM=1 -o CMakeFiles/cmTC_8e25a.dir/CMakeCCompilerABI.c.o -x c /usr/local/Cellar/cmake/3.23.1/share/cmake/Modules/CMakeCCompilerABI.c
clang -cc1 version 13.1.6 (clang-1316.0.21.2) default target x86_64-apple-darwin21.4.0
ignoring nonexistent directory "/Library/Developer/CommandLineTools/SDKs/MacOSX12.3.sdk/usr/local/include"
ignoring nonexistent directory "/Library/Developer/CommandLineTools/SDKs/MacOSX12.3.sdk/Library/Frameworks"
#include "..." search starts here:
#include <...> search starts here:
 /Library/Developer/CommandLineTools/usr/lib/clang/13.1.6/include
 /Library/Developer/CommandLineTools/SDKs/MacOSX12.3.sdk/usr/include
 /Library/Developer/CommandLineTools/usr/include
 /Library/Developer/CommandLineTools/SDKs/MacOSX12.3.sdk/System/Library/Frameworks (framework directory)
End of search list.
Linking C executable cmTC_8e25a
/usr/local/Cellar/cmake/3.23.1/bin/cmake -E cmake_link_script CMakeFiles/cmTC_8e25a.dir/link.txt --verbose=1
/Library/Developer/CommandLineTools/usr/bin/cc  -arch x86_64 -isysroot /Library/Developer/CommandLineTools/SDKs/MacOSX12.3.sdk -Wl,-search_paths_first -Wl,-headerpad_max_install_names  -v -Wl,-v CMakeFiles/cmTC_8e25a.dir/CMakeCCompilerABI.c.o -o cmTC_8e25a 
Apple clang version 13.1.6 (clang-1316.0.21.2)
Target: x86_64-apple-darwin21.4.0
Thread model: posix
InstalledDir: /Library/Developer/CommandLineTools/usr/bin
 "/Library/Developer/CommandLineTools/usr/bin/ld" -demangle -lto_library /Library/Developer/CommandLineTools/usr/lib/libLTO.dylib -dynamic -arch x86_64 -platform_version macos 12.0.0 12.3 -syslibroot /Library/Developer/CommandLineTools/SDKs/MacOSX12.3.sdk -o cmTC_8e25a -search_paths_first -headerpad_max_install_names -v CMakeFiles/cmTC_8e25a.dir/CMakeCCompilerABI.c.o -lSystem /Library/Developer/CommandLineTools/usr/lib/clang/13.1.6/lib/darwin/libclang_rt.osx.a
@(#)PROGRAM:ld  PROJECT:ld64-762
BUILD 06:28:45 Feb 18 2022
configured to support archs: armv6 armv7 armv7s arm64 arm64e arm64_32 i386 x86_64 x86_64h armv6m armv7k armv7m armv7em
Library search paths:
	/Library/Developer/CommandLineTools/SDKs/MacOSX12.3.sdk/usr/lib
Framework search paths:
	/Library/Developer/CommandLineTools/SDKs/MacOSX12.3.sdk/System/Library/Frameworks/



Parsed C implicit include dir info from above output: rv=done
  found start of include info
  found start of implicit include info
    add: [/Library/Developer/CommandLineTools/usr/lib/clang/13.1.6/include]
    add: [/Library/Developer/CommandLineTools/SDKs/MacOSX12.3.sdk/usr/include]
    add: [/Library/Developer/CommandLineTools/usr/include]
  end of search list found
  collapse include dir [/Library/Developer/CommandLineTools/usr/lib/clang/13.1.6/include] ==> [/Library/Developer/CommandLineTools/usr/lib/clang/13.1.6/include]
  collapse include dir [/Library/Developer/CommandLineTools/SDKs/MacOSX12.3.sdk/usr/include] ==> [/Library/Developer/CommandLineTools/SDKs/MacOSX12.3.sdk/usr/include]
  collapse include dir [/Library/Developer/CommandLineTools/usr/include] ==> [/Library/Developer/CommandLineTools/usr/include]
  implicit include dirs: [/Library/Developer/CommandLineTools/usr/lib/clang/13.1.6/include;/Library/Developer/CommandLineTools/SDKs/MacOSX12.3.sdk/usr/include;/Library/Developer/CommandLineTools/usr/include]


Parsed C implicit link information from above output:
  link line regex: [^( *|.*[/\])(ld|CMAKE_LINK_STARTFILE-NOTFOUND|([^/\]+-)?ld|collect2)[^/\]*( |$)]
  ignore line: [Change Dir: /Users/cpark/Desktop/valhalla/CMakeFiles/CMakeTmp]
  ignore line: []
  ignore line: [Run Build Command(s):/usr/bin/make -f Makefile cmTC_8e25a/fast && /Library/Developer/CommandLineTools/usr/bin/make  -f CMakeFiles/cmTC_8e25a.dir/build.make CMakeFiles/cmTC_8e25a.dir/build]
  ignore line: [Building C object CMakeFiles/cmTC_8e25a.dir/CMakeCCompilerABI.c.o]
  ignore line: [/Library/Developer/CommandLineTools/usr/bin/cc   -arch x86_64 -isysroot /Library/Developer/CommandLineTools/SDKs/MacOSX12.3.sdk   -v -Wl -v -MD -MT CMakeFiles/cmTC_8e25a.dir/CMakeCCompilerABI.c.o -MF CMakeFiles/cmTC_8e25a.dir/CMakeCCompilerABI.c.o.d -o CMakeFiles/cmTC_8e25a.dir/CMakeCCompilerABI.c.o -c /usr/local/Cellar/cmake/3.23.1/share/cmake/Modules/CMakeCCompilerABI.c]
  ignore line: [Apple clang version 13.1.6 (clang-1316.0.21.2)]
  ignore line: [Target: x86_64-apple-darwin21.4.0]
  ignore line: [Thread model: posix]
  ignore line: [InstalledDir: /Library/Developer/CommandLineTools/usr/bin]
  ignore line: [clang: warning: -Wl -v: 'linker' input unused [-Wunused-command-line-argument]]
  ignore line: [ "/Library/Developer/CommandLineTools/usr/bin/clang" -cc1 -triple x86_64-apple-macosx12.0.0 -Wundef-prefix=TARGET_OS_ -Wdeprecated-objc-isa-usage -Werror=deprecated-objc-isa-usage -Werror=implicit-function-declaration -emit-obj -mrelax-all --mrelax-relocations -disable-free -disable-llvm-verifier -discard-value-names -main-file-name CMakeCCompilerABI.c -mrelocation-model pic -pic-level 2 -mframe-pointer=all -fno-strict-return -fno-rounding-math -munwind-tables -target-sdk-version=12.3 -fvisibility-inlines-hidden-static-local-var -target-cpu penryn -tune-cpu generic -debugger-tuning=lldb -target-linker-version 762 -v -resource-dir /Library/Developer/CommandLineTools/usr/lib/clang/13.1.6 -dependency-file CMakeFiles/cmTC_8e25a.dir/CMakeCCompilerABI.c.o.d -skip-unused-modulemap-deps -MT CMakeFiles/cmTC_8e25a.dir/CMakeCCompilerABI.c.o -sys-header-deps -isysroot /Library/Developer/CommandLineTools/SDKs/MacOSX12.3.sdk -internal-isystem /Library/Developer/CommandLineTools/SDKs/MacOSX12.3.sdk/usr/local/include -internal-isystem /Library/Developer/CommandLineTools/usr/lib/clang/13.1.6/include -internal-externc-isystem /Library/Developer/CommandLineTools/SDKs/MacOSX12.3.sdk/usr/include -internal-externc-isystem /Library/Developer/CommandLineTools/usr/include -Wno-reorder-init-list -Wno-implicit-int-float-conversion -Wno-c99-designator -Wno-final-dtor-non-final-class -Wno-extra-semi-stmt -Wno-misleading-indentation -Wno-quoted-include-in-framework-header -Wno-implicit-fallthrough -Wno-enum-enum-conversion -Wno-enum-float-conversion -Wno-elaborated-enum-base -Wno-reserved-identifier -Wno-gnu-folding-constant -Wno-objc-load-method -fdebug-compilation-dir=/Users/cpark/Desktop/valhalla/CMakeFiles/CMakeTmp -ferror-limit 19 -stack-protector 1 -fstack-check -mdarwin-stkchk-strong-link -fblocks -fencode-extended-block-signature -fregister-global-dtors-with-atexit -fgnuc-version=4.2.1 -fmax-type-align=16 -fcommon -clang-vendor-feature=+messageToSelfInClassMethodIdReturnType -clang-vendor-feature=+disableInferNewAvailabilityFromInit -clang-vendor-feature=+disableNonDependentMemberExprInCurrentInstantiation -fno-odr-hash-protocols -clang-vendor-feature=+enableAggressiveVLAFolding -clang-vendor-feature=+revert09abecef7bbf -clang-vendor-feature=+thisNoAlignAttr -clang-vendor-feature=+thisNoNullAttr -mllvm -disable-aligned-alloc-awareness=1 -D__GCC_HAVE_DWARF2_CFI_ASM=1 -o CMakeFiles/cmTC_8e25a.dir/CMakeCCompilerABI.c.o -x c /usr/local/Cellar/cmake/3.23.1/share/cmake/Modules/CMakeCCompilerABI.c]
  ignore line: [clang -cc1 version 13.1.6 (clang-1316.0.21.2) default target x86_64-apple-darwin21.4.0]
  ignore line: [ignoring nonexistent directory "/Library/Developer/CommandLineTools/SDKs/MacOSX12.3.sdk/usr/local/include"]
  ignore line: [ignoring nonexistent directory "/Library/Developer/CommandLineTools/SDKs/MacOSX12.3.sdk/Library/Frameworks"]
  ignore line: [#include "..." search starts here:]
  ignore line: [#include <...> search starts here:]
  ignore line: [ /Library/Developer/CommandLineTools/usr/lib/clang/13.1.6/include]
  ignore line: [ /Library/Developer/CommandLineTools/SDKs/MacOSX12.3.sdk/usr/include]
  ignore line: [ /Library/Developer/CommandLineTools/usr/include]
  ignore line: [ /Library/Developer/CommandLineTools/SDKs/MacOSX12.3.sdk/System/Library/Frameworks (framework directory)]
  ignore line: [End of search list.]
  ignore line: [Linking C executable cmTC_8e25a]
  ignore line: [/usr/local/Cellar/cmake/3.23.1/bin/cmake -E cmake_link_script CMakeFiles/cmTC_8e25a.dir/link.txt --verbose=1]
  ignore line: [/Library/Developer/CommandLineTools/usr/bin/cc  -arch x86_64 -isysroot /Library/Developer/CommandLineTools/SDKs/MacOSX12.3.sdk -Wl -search_paths_first -Wl -headerpad_max_install_names  -v -Wl -v CMakeFiles/cmTC_8e25a.dir/CMakeCCompilerABI.c.o -o cmTC_8e25a ]
  ignore line: [Apple clang version 13.1.6 (clang-1316.0.21.2)]
  ignore line: [Target: x86_64-apple-darwin21.4.0]
  ignore line: [Thread model: posix]
  ignore line: [InstalledDir: /Library/Developer/CommandLineTools/usr/bin]
  link line: [ "/Library/Developer/CommandLineTools/usr/bin/ld" -demangle -lto_library /Library/Developer/CommandLineTools/usr/lib/libLTO.dylib -dynamic -arch x86_64 -platform_version macos 12.0.0 12.3 -syslibroot /Library/Developer/CommandLineTools/SDKs/MacOSX12.3.sdk -o cmTC_8e25a -search_paths_first -headerpad_max_install_names -v CMakeFiles/cmTC_8e25a.dir/CMakeCCompilerABI.c.o -lSystem /Library/Developer/CommandLineTools/usr/lib/clang/13.1.6/lib/darwin/libclang_rt.osx.a]
    arg [/Library/Developer/CommandLineTools/usr/bin/ld] ==> ignore
    arg [-demangle] ==> ignore
    arg [-lto_library] ==> ignore, skip following value
    arg [/Library/Developer/CommandLineTools/usr/lib/libLTO.dylib] ==> skip value of -lto_library
    arg [-dynamic] ==> ignore
    arg [-arch] ==> ignore
    arg [x86_64] ==> ignore
    arg [-platform_version] ==> ignore
    arg [macos] ==> ignore
    arg [12.0.0] ==> ignore
    arg [12.3] ==> ignore
    arg [-syslibroot] ==> ignore
    arg [/Library/Developer/CommandLineTools/SDKs/MacOSX12.3.sdk] ==> ignore
    arg [-o] ==> ignore
    arg [cmTC_8e25a] ==> ignore
    arg [-search_paths_first] ==> ignore
    arg [-headerpad_max_install_names] ==> ignore
    arg [-v] ==> ignore
    arg [CMakeFiles/cmTC_8e25a.dir/CMakeCCompilerABI.c.o] ==> ignore
    arg [-lSystem] ==> lib [System]
    arg [/Library/Developer/CommandLineTools/usr/lib/clang/13.1.6/lib/darwin/libclang_rt.osx.a] ==> lib [/Library/Developer/CommandLineTools/usr/lib/clang/13.1.6/lib/darwin/libclang_rt.osx.a]
  Library search paths: [;/Library/Developer/CommandLineTools/SDKs/MacOSX12.3.sdk/usr/lib]
  Framework search paths: [;/Library/Developer/CommandLineTools/SDKs/MacOSX12.3.sdk/System/Library/Frameworks/]
  remove lib [System]
  remove lib [/Library/Developer/CommandLineTools/usr/lib/clang/13.1.6/lib/darwin/libclang_rt.osx.a]
  collapse library dir [/Library/Developer/CommandLineTools/SDKs/MacOSX12.3.sdk/usr/lib] ==> [/Library/Developer/CommandLineTools/SDKs/MacOSX12.3.sdk/usr/lib]
  collapse framework dir [/Library/Developer/CommandLineTools/SDKs/MacOSX12.3.sdk/System/Library/Frameworks/] ==> [/Library/Developer/CommandLineTools/SDKs/MacOSX12.3.sdk/System/Library/Frameworks]
  implicit libs: []
  implicit objs: []
  implicit dirs: [/Library/Developer/CommandLineTools/SDKs/MacOSX12.3.sdk/usr/lib]
  implicit fwks: [/Library/Developer/CommandLineTools/SDKs/MacOSX12.3.sdk/System/Library/Frameworks]


Determining if the include file pthread.h exists passed with the following output:
Change Dir: /Users/cpark/Desktop/valhalla/CMakeFiles/CMakeTmp

Run Build Command(s):/usr/bin/make -f Makefile cmTC_576b4/fast && /Library/Developer/CommandLineTools/usr/bin/make  -f CMakeFiles/cmTC_576b4.dir/build.make CMakeFiles/cmTC_576b4.dir/build
Building C object CMakeFiles/cmTC_576b4.dir/CheckIncludeFile.c.o
/Library/Developer/CommandLineTools/usr/bin/cc   -arch x86_64 -isysroot /Library/Developer/CommandLineTools/SDKs/MacOSX12.3.sdk -MD -MT CMakeFiles/cmTC_576b4.dir/CheckIncludeFile.c.o -MF CMakeFiles/cmTC_576b4.dir/CheckIncludeFile.c.o.d -o CMakeFiles/cmTC_576b4.dir/CheckIncludeFile.c.o -c /Users/cpark/Desktop/valhalla/CMakeFiles/CMakeTmp/CheckIncludeFile.c
Linking C executable cmTC_576b4
/usr/local/Cellar/cmake/3.23.1/bin/cmake -E cmake_link_script CMakeFiles/cmTC_576b4.dir/link.txt --verbose=1
/Library/Developer/CommandLineTools/usr/bin/cc  -arch x86_64 -isysroot /Library/Developer/CommandLineTools/SDKs/MacOSX12.3.sdk -Wl,-search_paths_first -Wl,-headerpad_max_install_names CMakeFiles/cmTC_576b4.dir/CheckIncludeFile.c.o -o cmTC_576b4 



Performing C SOURCE FILE Test CMAKE_HAVE_LIBC_PTHREAD succeeded with the following output:
Change Dir: /Users/cpark/Desktop/valhalla/CMakeFiles/CMakeTmp

Run Build Command(s):/usr/bin/make -f Makefile cmTC_2ea55/fast && /Library/Developer/CommandLineTools/usr/bin/make  -f CMakeFiles/cmTC_2ea55.dir/build.make CMakeFiles/cmTC_2ea55.dir/build
Building C object CMakeFiles/cmTC_2ea55.dir/src.c.o
/Library/Developer/CommandLineTools/usr/bin/cc -DCMAKE_HAVE_LIBC_PTHREAD  -arch x86_64 -isysroot /Library/Developer/CommandLineTools/SDKs/MacOSX12.3.sdk -MD -MT CMakeFiles/cmTC_2ea55.dir/src.c.o -MF CMakeFiles/cmTC_2ea55.dir/src.c.o.d -o CMakeFiles/cmTC_2ea55.dir/src.c.o -c /Users/cpark/Desktop/valhalla/CMakeFiles/CMakeTmp/src.c
Linking C executable cmTC_2ea55
/usr/local/Cellar/cmake/3.23.1/bin/cmake -E cmake_link_script CMakeFiles/cmTC_2ea55.dir/link.txt --verbose=1
/Library/Developer/CommandLineTools/usr/bin/cc  -arch x86_64 -isysroot /Library/Developer/CommandLineTools/SDKs/MacOSX12.3.sdk -Wl,-search_paths_first -Wl,-headerpad_max_install_names CMakeFiles/cmTC_2ea55.dir/src.c.o -o cmTC_2ea55 


Source file was:
#include <pthread.h>

static void* test_func(void* data)
{
  return data;
}

int main(void)
{
  pthread_t thread;
  pthread_create(&thread, NULL, test_func, NULL);
  pthread_detach(thread);
  pthread_cancel(thread);
  pthread_join(thread, NULL);
  pthread_atfork(NULL, NULL, NULL);
  pthread_exit(NULL);

  return 0;
}

Determining if the function sqlite3_enable_load_extension exists in the /usr/local/opt/sqlite3/lib/libsqlite3.dylib passed with the following output:
Change Dir: /Users/cpark/Desktop/valhalla/CMakeFiles/CMakeTmp

Run Build Command(s):/usr/bin/make -f Makefile cmTC_76789/fast && /Library/Developer/CommandLineTools/usr/bin/make  -f CMakeFiles/cmTC_76789.dir/build.make CMakeFiles/cmTC_76789.dir/build
Building C object CMakeFiles/cmTC_76789.dir/CheckFunctionExists.c.o
/Library/Developer/CommandLineTools/usr/bin/cc   -DCHECK_FUNCTION_EXISTS=sqlite3_enable_load_extension -arch x86_64 -isysroot /Library/Developer/CommandLineTools/SDKs/MacOSX12.3.sdk -MD -MT CMakeFiles/cmTC_76789.dir/CheckFunctionExists.c.o -MF CMakeFiles/cmTC_76789.dir/CheckFunctionExists.c.o.d -o CMakeFiles/cmTC_76789.dir/CheckFunctionExists.c.o -c /usr/local/Cellar/cmake/3.23.1/share/cmake/Modules/CheckFunctionExists.c
Linking C executable cmTC_76789
/usr/local/Cellar/cmake/3.23.1/bin/cmake -E cmake_link_script CMakeFiles/cmTC_76789.dir/link.txt --verbose=1
/Library/Developer/CommandLineTools/usr/bin/cc  -DCHECK_FUNCTION_EXISTS=sqlite3_enable_load_extension -arch x86_64 -isysroot /Library/Developer/CommandLineTools/SDKs/MacOSX12.3.sdk -Wl,-search_paths_first -Wl,-headerpad_max_install_names CMakeFiles/cmTC_76789.dir/CheckFunctionExists.c.o -o cmTC_76789  /usr/local/opt/sqlite3/lib/libsqlite3.dylib 



Determining if the function gaiaStatisticsInvalidate exists in the /usr/local/lib/libspatialite.dylib passed with the following output:
Change Dir: /Users/cpark/Desktop/valhalla/CMakeFiles/CMakeTmp

Run Build Command(s):/usr/bin/make -f Makefile cmTC_21451/fast && /Library/Developer/CommandLineTools/usr/bin/make  -f CMakeFiles/cmTC_21451.dir/build.make CMakeFiles/cmTC_21451.dir/build
Building C object CMakeFiles/cmTC_21451.dir/CheckFunctionExists.c.o
/Library/Developer/CommandLineTools/usr/bin/cc   -DCHECK_FUNCTION_EXISTS=gaiaStatisticsInvalidate -arch x86_64 -isysroot /Library/Developer/CommandLineTools/SDKs/MacOSX12.3.sdk -MD -MT CMakeFiles/cmTC_21451.dir/CheckFunctionExists.c.o -MF CMakeFiles/cmTC_21451.dir/CheckFunctionExists.c.o.d -o CMakeFiles/cmTC_21451.dir/CheckFunctionExists.c.o -c /usr/local/Cellar/cmake/3.23.1/share/cmake/Modules/CheckFunctionExists.c
Linking C executable cmTC_21451
/usr/local/Cellar/cmake/3.23.1/bin/cmake -E cmake_link_script CMakeFiles/cmTC_21451.dir/link.txt --verbose=1
/Library/Developer/CommandLineTools/usr/bin/cc  -DCHECK_FUNCTION_EXISTS=gaiaStatisticsInvalidate -arch x86_64 -isysroot /Library/Developer/CommandLineTools/SDKs/MacOSX12.3.sdk -Wl,-search_paths_first -Wl,-headerpad_max_install_names CMakeFiles/cmTC_21451.dir/CheckFunctionExists.c.o -o cmTC_21451  /usr/local/lib/libspatialite.dylib -F/Library/Frameworks 



Performing C++ SOURCE FILE Test LIBCXX_SUPPORTS_MFPMATH_EQ_SSE_FLAG succeeded with the following output:
Change Dir: /Users/cpark/Desktop/valhalla/CMakeFiles/CMakeTmp

Run Build Command(s):/usr/bin/make -f Makefile cmTC_97ae9/fast && /Library/Developer/CommandLineTools/usr/bin/make  -f CMakeFiles/cmTC_97ae9.dir/build.make CMakeFiles/cmTC_97ae9.dir/build
Building CXX object CMakeFiles/cmTC_97ae9.dir/src.cxx.o
/Library/Developer/CommandLineTools/usr/bin/c++ -DLIBCXX_SUPPORTS_MFPMATH_EQ_SSE_FLAG  -fcolor-diagnostics   -arch x86_64 -isysroot /Library/Developer/CommandLineTools/SDKs/MacOSX12.3.sdk   -mfpmath=sse -std=gnu++14 -MD -MT CMakeFiles/cmTC_97ae9.dir/src.cxx.o -MF CMakeFiles/cmTC_97ae9.dir/src.cxx.o.d -o CMakeFiles/cmTC_97ae9.dir/src.cxx.o -c /Users/cpark/Desktop/valhalla/CMakeFiles/CMakeTmp/src.cxx
Linking CXX executable cmTC_97ae9
/usr/local/Cellar/cmake/3.23.1/bin/cmake -E cmake_link_script CMakeFiles/cmTC_97ae9.dir/link.txt --verbose=1
/Library/Developer/CommandLineTools/usr/bin/c++  -fcolor-diagnostics   -arch x86_64 -isysroot /Library/Developer/CommandLineTools/SDKs/MacOSX12.3.sdk -Wl,-search_paths_first -Wl,-headerpad_max_install_names CMakeFiles/cmTC_97ae9.dir/src.cxx.o -o cmTC_97ae9  -F/Library/Frameworks 


Source file was:
int main() { return 0; }
Performing C++ SOURCE FILE Test LIBCXX_SUPPORTS_MSSE2_FLAG succeeded with the following output:
Change Dir: /Users/cpark/Desktop/valhalla/CMakeFiles/CMakeTmp

Run Build Command(s):/usr/bin/make -f Makefile cmTC_aca33/fast && /Library/Developer/CommandLineTools/usr/bin/make  -f CMakeFiles/cmTC_aca33.dir/build.make CMakeFiles/cmTC_aca33.dir/build
Building CXX object CMakeFiles/cmTC_aca33.dir/src.cxx.o
/Library/Developer/CommandLineTools/usr/bin/c++ -DLIBCXX_SUPPORTS_MSSE2_FLAG  -fcolor-diagnostics   -arch x86_64 -isysroot /Library/Developer/CommandLineTools/SDKs/MacOSX12.3.sdk   -msse2 -std=gnu++14 -MD -MT CMakeFiles/cmTC_aca33.dir/src.cxx.o -MF CMakeFiles/cmTC_aca33.dir/src.cxx.o.d -o CMakeFiles/cmTC_aca33.dir/src.cxx.o -c /Users/cpark/Desktop/valhalla/CMakeFiles/CMakeTmp/src.cxx
Linking CXX executable cmTC_aca33
/usr/local/Cellar/cmake/3.23.1/bin/cmake -E cmake_link_script CMakeFiles/cmTC_aca33.dir/link.txt --verbose=1
/Library/Developer/CommandLineTools/usr/bin/c++  -fcolor-diagnostics   -arch x86_64 -isysroot /Library/Developer/CommandLineTools/SDKs/MacOSX12.3.sdk -Wl,-search_paths_first -Wl,-headerpad_max_install_names CMakeFiles/cmTC_aca33.dir/src.cxx.o -o cmTC_aca33  -F/Library/Frameworks 


Source file was:
int main() { return 0; }
Performing C++ SOURCE FILE Test HAS_FLTO succeeded with the following output:
Change Dir: /Users/cpark/Desktop/valhalla/CMakeFiles/CMakeTmp

Run Build Command(s):/usr/bin/make -f Makefile cmTC_f0d33/fast && /Library/Developer/CommandLineTools/usr/bin/make  -f CMakeFiles/cmTC_f0d33.dir/build.make CMakeFiles/cmTC_f0d33.dir/build
Building CXX object CMakeFiles/cmTC_f0d33.dir/src.cxx.o
/Library/Developer/CommandLineTools/usr/bin/c++ -DHAS_FLTO  -fcolor-diagnostics   -arch x86_64 -isysroot /Library/Developer/CommandLineTools/SDKs/MacOSX12.3.sdk   -flto -std=gnu++14 -MD -MT CMakeFiles/cmTC_f0d33.dir/src.cxx.o -MF CMakeFiles/cmTC_f0d33.dir/src.cxx.o.d -o CMakeFiles/cmTC_f0d33.dir/src.cxx.o -c /Users/cpark/Desktop/valhalla/CMakeFiles/CMakeTmp/src.cxx
Linking CXX executable cmTC_f0d33
/usr/local/Cellar/cmake/3.23.1/bin/cmake -E cmake_link_script CMakeFiles/cmTC_f0d33.dir/link.txt --verbose=1
/Library/Developer/CommandLineTools/usr/bin/c++  -fcolor-diagnostics   -arch x86_64 -isysroot /Library/Developer/CommandLineTools/SDKs/MacOSX12.3.sdk -Wl,-search_paths_first -Wl,-headerpad_max_install_names CMakeFiles/cmTC_f0d33.dir/src.cxx.o -o cmTC_f0d33  -flto 


Source file was:
int main() { return 0; }
Performing C++ SOURCE FILE Test HAS_FLTO_THIN succeeded with the following output:
Change Dir: /Users/cpark/Desktop/valhalla/CMakeFiles/CMakeTmp

Run Build Command(s):/usr/bin/make -f Makefile cmTC_a54e0/fast && /Library/Developer/CommandLineTools/usr/bin/make  -f CMakeFiles/cmTC_a54e0.dir/build.make CMakeFiles/cmTC_a54e0.dir/build
Building CXX object CMakeFiles/cmTC_a54e0.dir/src.cxx.o
/Library/Developer/CommandLineTools/usr/bin/c++ -DHAS_FLTO_THIN  -fcolor-diagnostics   -arch x86_64 -isysroot /Library/Developer/CommandLineTools/SDKs/MacOSX12.3.sdk   -flto=thin -std=gnu++14 -MD -MT CMakeFiles/cmTC_a54e0.dir/src.cxx.o -MF CMakeFiles/cmTC_a54e0.dir/src.cxx.o.d -o CMakeFiles/cmTC_a54e0.dir/src.cxx.o -c /Users/cpark/Desktop/valhalla/CMakeFiles/CMakeTmp/src.cxx
Linking CXX executable cmTC_a54e0
/usr/local/Cellar/cmake/3.23.1/bin/cmake -E cmake_link_script CMakeFiles/cmTC_a54e0.dir/link.txt --verbose=1
/Library/Developer/CommandLineTools/usr/bin/c++  -fcolor-diagnostics   -arch x86_64 -isysroot /Library/Developer/CommandLineTools/SDKs/MacOSX12.3.sdk -Wl,-search_paths_first -Wl,-headerpad_max_install_names CMakeFiles/cmTC_a54e0.dir/src.cxx.o -o cmTC_a54e0  -flto=thin 


Source file was:
int main() { return 0; }
Performing C++ SOURCE FILE Test HAVE_CXX_FLAG_STD_CXX11 succeeded with the following output:
Change Dir: /Users/cpark/Desktop/valhalla/CMakeFiles/CMakeTmp

Run Build Command(s):/usr/bin/make -f Makefile cmTC_b7b9d/fast && /Library/Developer/CommandLineTools/usr/bin/make  -f CMakeFiles/cmTC_b7b9d.dir/build.make CMakeFiles/cmTC_b7b9d.dir/build
Building CXX object CMakeFiles/cmTC_b7b9d.dir/src.cxx.o
/Library/Developer/CommandLineTools/usr/bin/c++ -DHAVE_CXX_FLAG_STD_CXX11  -fcolor-diagnostics   -std=c++11 -arch x86_64 -isysroot /Library/Developer/CommandLineTools/SDKs/MacOSX12.3.sdk   -std=c++11 -std=gnu++14 -MD -MT CMakeFiles/cmTC_b7b9d.dir/src.cxx.o -MF CMakeFiles/cmTC_b7b9d.dir/src.cxx.o.d -o CMakeFiles/cmTC_b7b9d.dir/src.cxx.o -c /Users/cpark/Desktop/valhalla/CMakeFiles/CMakeTmp/src.cxx
Linking CXX executable cmTC_b7b9d
/usr/local/Cellar/cmake/3.23.1/bin/cmake -E cmake_link_script CMakeFiles/cmTC_b7b9d.dir/link.txt --verbose=1
/Library/Developer/CommandLineTools/usr/bin/c++  -fcolor-diagnostics   -std=c++11 -arch x86_64 -isysroot /Library/Developer/CommandLineTools/SDKs/MacOSX12.3.sdk -Wl,-search_paths_first -Wl,-headerpad_max_install_names CMakeFiles/cmTC_b7b9d.dir/src.cxx.o -o cmTC_b7b9d  -F/Library/Frameworks 


Source file was:
int main() { return 0; }
Performing C++ SOURCE FILE Test HAVE_CXX_FLAG_WALL succeeded with the following output:
Change Dir: /Users/cpark/Desktop/valhalla/CMakeFiles/CMakeTmp

Run Build Command(s):/usr/bin/make -f Makefile cmTC_3260d/fast && /Library/Developer/CommandLineTools/usr/bin/make  -f CMakeFiles/cmTC_3260d.dir/build.make CMakeFiles/cmTC_3260d.dir/build
Building CXX object CMakeFiles/cmTC_3260d.dir/src.cxx.o
/Library/Developer/CommandLineTools/usr/bin/c++ -DHAVE_CXX_FLAG_WALL  -fcolor-diagnostics   -std=c++11  -Wall -arch x86_64 -isysroot /Library/Developer/CommandLineTools/SDKs/MacOSX12.3.sdk   -Wall -std=gnu++14 -MD -MT CMakeFiles/cmTC_3260d.dir/src.cxx.o -MF CMakeFiles/cmTC_3260d.dir/src.cxx.o.d -o CMakeFiles/cmTC_3260d.dir/src.cxx.o -c /Users/cpark/Desktop/valhalla/CMakeFiles/CMakeTmp/src.cxx
Linking CXX executable cmTC_3260d
/usr/local/Cellar/cmake/3.23.1/bin/cmake -E cmake_link_script CMakeFiles/cmTC_3260d.dir/link.txt --verbose=1
/Library/Developer/CommandLineTools/usr/bin/c++  -fcolor-diagnostics   -std=c++11  -Wall -arch x86_64 -isysroot /Library/Developer/CommandLineTools/SDKs/MacOSX12.3.sdk -Wl,-search_paths_first -Wl,-headerpad_max_install_names CMakeFiles/cmTC_3260d.dir/src.cxx.o -o cmTC_3260d  -F/Library/Frameworks 


Source file was:
int main() { return 0; }
Performing C++ SOURCE FILE Test HAVE_CXX_FLAG_WEXTRA succeeded with the following output:
Change Dir: /Users/cpark/Desktop/valhalla/CMakeFiles/CMakeTmp

Run Build Command(s):/usr/bin/make -f Makefile cmTC_8dfbd/fast && /Library/Developer/CommandLineTools/usr/bin/make  -f CMakeFiles/cmTC_8dfbd.dir/build.make CMakeFiles/cmTC_8dfbd.dir/build
Building CXX object CMakeFiles/cmTC_8dfbd.dir/src.cxx.o
/Library/Developer/CommandLineTools/usr/bin/c++ -DHAVE_CXX_FLAG_WEXTRA  -fcolor-diagnostics   -std=c++11  -Wall  -Wextra -arch x86_64 -isysroot /Library/Developer/CommandLineTools/SDKs/MacOSX12.3.sdk   -Wextra -std=gnu++14 -MD -MT CMakeFiles/cmTC_8dfbd.dir/src.cxx.o -MF CMakeFiles/cmTC_8dfbd.dir/src.cxx.o.d -o CMakeFiles/cmTC_8dfbd.dir/src.cxx.o -c /Users/cpark/Desktop/valhalla/CMakeFiles/CMakeTmp/src.cxx
Linking CXX executable cmTC_8dfbd
/usr/local/Cellar/cmake/3.23.1/bin/cmake -E cmake_link_script CMakeFiles/cmTC_8dfbd.dir/link.txt --verbose=1
/Library/Developer/CommandLineTools/usr/bin/c++  -fcolor-diagnostics   -std=c++11  -Wall  -Wextra -arch x86_64 -isysroot /Library/Developer/CommandLineTools/SDKs/MacOSX12.3.sdk -Wl,-search_paths_first -Wl,-headerpad_max_install_names CMakeFiles/cmTC_8dfbd.dir/src.cxx.o -o cmTC_8dfbd  -F/Library/Frameworks 


Source file was:
int main() { return 0; }
Performing C++ SOURCE FILE Test HAVE_CXX_FLAG_WSHADOW succeeded with the following output:
Change Dir: /Users/cpark/Desktop/valhalla/CMakeFiles/CMakeTmp

Run Build Command(s):/usr/bin/make -f Makefile cmTC_e68f7/fast && /Library/Developer/CommandLineTools/usr/bin/make  -f CMakeFiles/cmTC_e68f7.dir/build.make CMakeFiles/cmTC_e68f7.dir/build
Building CXX object CMakeFiles/cmTC_e68f7.dir/src.cxx.o
/Library/Developer/CommandLineTools/usr/bin/c++ -DHAVE_CXX_FLAG_WSHADOW  -fcolor-diagnostics   -std=c++11  -Wall  -Wextra  -Wshadow -arch x86_64 -isysroot /Library/Developer/CommandLineTools/SDKs/MacOSX12.3.sdk   -Wshadow -std=gnu++14 -MD -MT CMakeFiles/cmTC_e68f7.dir/src.cxx.o -MF CMakeFiles/cmTC_e68f7.dir/src.cxx.o.d -o CMakeFiles/cmTC_e68f7.dir/src.cxx.o -c /Users/cpark/Desktop/valhalla/CMakeFiles/CMakeTmp/src.cxx
Linking CXX executable cmTC_e68f7
/usr/local/Cellar/cmake/3.23.1/bin/cmake -E cmake_link_script CMakeFiles/cmTC_e68f7.dir/link.txt --verbose=1
/Library/Developer/CommandLineTools/usr/bin/c++  -fcolor-diagnostics   -std=c++11  -Wall  -Wextra  -Wshadow -arch x86_64 -isysroot /Library/Developer/CommandLineTools/SDKs/MacOSX12.3.sdk -Wl,-search_paths_first -Wl,-headerpad_max_install_names CMakeFiles/cmTC_e68f7.dir/src.cxx.o -o cmTC_e68f7  -F/Library/Frameworks 


Source file was:
int main() { return 0; }
Performing C++ SOURCE FILE Test HAVE_CXX_FLAG_WERROR succeeded with the following output:
Change Dir: /Users/cpark/Desktop/valhalla/CMakeFiles/CMakeTmp

Run Build Command(s):/usr/bin/make -f Makefile cmTC_fb1fe/fast && /Library/Developer/CommandLineTools/usr/bin/make  -f CMakeFiles/cmTC_fb1fe.dir/build.make CMakeFiles/cmTC_fb1fe.dir/build
Building CXX object CMakeFiles/cmTC_fb1fe.dir/src.cxx.o
/Library/Developer/CommandLineTools/usr/bin/c++ -DHAVE_CXX_FLAG_WERROR  -fcolor-diagnostics   -std=c++11  -Wall  -Wextra  -Wshadow  -Werror -arch x86_64 -isysroot /Library/Developer/CommandLineTools/SDKs/MacOSX12.3.sdk   -Werror -std=gnu++14 -MD -MT CMakeFiles/cmTC_fb1fe.dir/src.cxx.o -MF CMakeFiles/cmTC_fb1fe.dir/src.cxx.o.d -o CMakeFiles/cmTC_fb1fe.dir/src.cxx.o -c /Users/cpark/Desktop/valhalla/CMakeFiles/CMakeTmp/src.cxx
Linking CXX executable cmTC_fb1fe
/usr/local/Cellar/cmake/3.23.1/bin/cmake -E cmake_link_script CMakeFiles/cmTC_fb1fe.dir/link.txt --verbose=1
/Library/Developer/CommandLineTools/usr/bin/c++  -fcolor-diagnostics   -std=c++11  -Wall  -Wextra  -Wshadow  -Werror -arch x86_64 -isysroot /Library/Developer/CommandLineTools/SDKs/MacOSX12.3.sdk -Wl,-search_paths_first -Wl,-headerpad_max_install_names CMakeFiles/cmTC_fb1fe.dir/src.cxx.o -o cmTC_fb1fe  -F/Library/Frameworks 


Source file was:
int main() { return 0; }
Performing C++ SOURCE FILE Test HAVE_CXX_FLAG_WSUGGEST_OVERRIDE succeeded with the following output:
Change Dir: /Users/cpark/Desktop/valhalla/CMakeFiles/CMakeTmp

Run Build Command(s):/usr/bin/make -f Makefile cmTC_a8a8f/fast && /Library/Developer/CommandLineTools/usr/bin/make  -f CMakeFiles/cmTC_a8a8f.dir/build.make CMakeFiles/cmTC_a8a8f.dir/build
Building CXX object CMakeFiles/cmTC_a8a8f.dir/src.cxx.o
/Library/Developer/CommandLineTools/usr/bin/c++ -DHAVE_CXX_FLAG_WSUGGEST_OVERRIDE  -fcolor-diagnostics   -std=c++11  -Wall  -Wextra  -Wshadow  -Wsuggest-override -arch x86_64 -isysroot /Library/Developer/CommandLineTools/SDKs/MacOSX12.3.sdk   -Wsuggest-override -std=gnu++14 -MD -MT CMakeFiles/cmTC_a8a8f.dir/src.cxx.o -MF CMakeFiles/cmTC_a8a8f.dir/src.cxx.o.d -o CMakeFiles/cmTC_a8a8f.dir/src.cxx.o -c /Users/cpark/Desktop/valhalla/CMakeFiles/CMakeTmp/src.cxx
Linking CXX executable cmTC_a8a8f
/usr/local/Cellar/cmake/3.23.1/bin/cmake -E cmake_link_script CMakeFiles/cmTC_a8a8f.dir/link.txt --verbose=1
/Library/Developer/CommandLineTools/usr/bin/c++  -fcolor-diagnostics   -std=c++11  -Wall  -Wextra  -Wshadow  -Wsuggest-override -arch x86_64 -isysroot /Library/Developer/CommandLineTools/SDKs/MacOSX12.3.sdk -Wl,-search_paths_first -Wl,-headerpad_max_install_names CMakeFiles/cmTC_a8a8f.dir/src.cxx.o -o cmTC_a8a8f  -F/Library/Frameworks 


Source file was:
int main() { return 0; }
Performing C++ SOURCE FILE Test HAVE_CXX_FLAG_PEDANTIC succeeded with the following output:
Change Dir: /Users/cpark/Desktop/valhalla/CMakeFiles/CMakeTmp

Run Build Command(s):/usr/bin/make -f Makefile cmTC_d326c/fast && /Library/Developer/CommandLineTools/usr/bin/make  -f CMakeFiles/cmTC_d326c.dir/build.make CMakeFiles/cmTC_d326c.dir/build
Building CXX object CMakeFiles/cmTC_d326c.dir/src.cxx.o
/Library/Developer/CommandLineTools/usr/bin/c++ -DHAVE_CXX_FLAG_PEDANTIC  -fcolor-diagnostics   -std=c++11  -Wall  -Wextra  -Wshadow  -Wsuggest-override  -pedantic -arch x86_64 -isysroot /Library/Developer/CommandLineTools/SDKs/MacOSX12.3.sdk   -pedantic -std=gnu++14 -MD -MT CMakeFiles/cmTC_d326c.dir/src.cxx.o -MF CMakeFiles/cmTC_d326c.dir/src.cxx.o.d -o CMakeFiles/cmTC_d326c.dir/src.cxx.o -c /Users/cpark/Desktop/valhalla/CMakeFiles/CMakeTmp/src.cxx
Linking CXX executable cmTC_d326c
/usr/local/Cellar/cmake/3.23.1/bin/cmake -E cmake_link_script CMakeFiles/cmTC_d326c.dir/link.txt --verbose=1
/Library/Developer/CommandLineTools/usr/bin/c++  -fcolor-diagnostics   -std=c++11  -Wall  -Wextra  -Wshadow  -Wsuggest-override  -pedantic -arch x86_64 -isysroot /Library/Developer/CommandLineTools/SDKs/MacOSX12.3.sdk -Wl,-search_paths_first -Wl,-headerpad_max_install_names CMakeFiles/cmTC_d326c.dir/src.cxx.o -o cmTC_d326c  -F/Library/Frameworks 


Source file was:
int main() { return 0; }
Performing C++ SOURCE FILE Test HAVE_CXX_FLAG_PEDANTIC_ERRORS succeeded with the following output:
Change Dir: /Users/cpark/Desktop/valhalla/CMakeFiles/CMakeTmp

Run Build Command(s):/usr/bin/make -f Makefile cmTC_39b22/fast && /Library/Developer/CommandLineTools/usr/bin/make  -f CMakeFiles/cmTC_39b22.dir/build.make CMakeFiles/cmTC_39b22.dir/build
Building CXX object CMakeFiles/cmTC_39b22.dir/src.cxx.o
/Library/Developer/CommandLineTools/usr/bin/c++ -DHAVE_CXX_FLAG_PEDANTIC_ERRORS  -fcolor-diagnostics   -std=c++11  -Wall  -Wextra  -Wshadow  -Wsuggest-override  -pedantic  -pedantic-errors -arch x86_64 -isysroot /Library/Developer/CommandLineTools/SDKs/MacOSX12.3.sdk   -pedantic-errors -std=gnu++14 -MD -MT CMakeFiles/cmTC_39b22.dir/src.cxx.o -MF CMakeFiles/cmTC_39b22.dir/src.cxx.o.d -o CMakeFiles/cmTC_39b22.dir/src.cxx.o -c /Users/cpark/Desktop/valhalla/CMakeFiles/CMakeTmp/src.cxx
Linking CXX executable cmTC_39b22
/usr/local/Cellar/cmake/3.23.1/bin/cmake -E cmake_link_script CMakeFiles/cmTC_39b22.dir/link.txt --verbose=1
/Library/Developer/CommandLineTools/usr/bin/c++  -fcolor-diagnostics   -std=c++11  -Wall  -Wextra  -Wshadow  -Wsuggest-override  -pedantic  -pedantic-errors -arch x86_64 -isysroot /Library/Developer/CommandLineTools/SDKs/MacOSX12.3.sdk -Wl,-search_paths_first -Wl,-headerpad_max_install_names CMakeFiles/cmTC_39b22.dir/src.cxx.o -o cmTC_39b22  -F/Library/Frameworks 


Source file was:
int main() { return 0; }
Performing C++ SOURCE FILE Test HAVE_CXX_FLAG_WSHORTEN_64_TO_32 succeeded with the following output:
Change Dir: /Users/cpark/Desktop/valhalla/CMakeFiles/CMakeTmp

Run Build Command(s):/usr/bin/make -f Makefile cmTC_f9f19/fast && /Library/Developer/CommandLineTools/usr/bin/make  -f CMakeFiles/cmTC_f9f19.dir/build.make CMakeFiles/cmTC_f9f19.dir/build
Building CXX object CMakeFiles/cmTC_f9f19.dir/src.cxx.o
/Library/Developer/CommandLineTools/usr/bin/c++ -DHAVE_CXX_FLAG_WSHORTEN_64_TO_32  -fcolor-diagnostics   -std=c++11  -Wall  -Wextra  -Wshadow  -Wsuggest-override  -pedantic  -pedantic-errors  -Wshorten-64-to-32 -arch x86_64 -isysroot /Library/Developer/CommandLineTools/SDKs/MacOSX12.3.sdk   -Wshorten-64-to-32 -std=gnu++14 -MD -MT CMakeFiles/cmTC_f9f19.dir/src.cxx.o -MF CMakeFiles/cmTC_f9f19.dir/src.cxx.o.d -o CMakeFiles/cmTC_f9f19.dir/src.cxx.o -c /Users/cpark/Desktop/valhalla/CMakeFiles/CMakeTmp/src.cxx
Linking CXX executable cmTC_f9f19
/usr/local/Cellar/cmake/3.23.1/bin/cmake -E cmake_link_script CMakeFiles/cmTC_f9f19.dir/link.txt --verbose=1
/Library/Developer/CommandLineTools/usr/bin/c++  -fcolor-diagnostics   -std=c++11  -Wall  -Wextra  -Wshadow  -Wsuggest-override  -pedantic  -pedantic-errors  -Wshorten-64-to-32 -arch x86_64 -isysroot /Library/Developer/CommandLineTools/SDKs/MacOSX12.3.sdk -Wl,-search_paths_first -Wl,-headerpad_max_install_names CMakeFiles/cmTC_f9f19.dir/src.cxx.o -o cmTC_f9f19  -F/Library/Frameworks 


Source file was:
int main() { return 0; }
Performing C++ SOURCE FILE Test HAVE_CXX_FLAG_FSTRICT_ALIASING succeeded with the following output:
Change Dir: /Users/cpark/Desktop/valhalla/CMakeFiles/CMakeTmp

Run Build Command(s):/usr/bin/make -f Makefile cmTC_b657e/fast && /Library/Developer/CommandLineTools/usr/bin/make  -f CMakeFiles/cmTC_b657e.dir/build.make CMakeFiles/cmTC_b657e.dir/build
Building CXX object CMakeFiles/cmTC_b657e.dir/src.cxx.o
/Library/Developer/CommandLineTools/usr/bin/c++ -DHAVE_CXX_FLAG_FSTRICT_ALIASING  -fcolor-diagnostics   -std=c++11  -Wall  -Wextra  -Wshadow  -Wsuggest-override  -pedantic  -pedantic-errors  -Wshorten-64-to-32  -fstrict-aliasing -arch x86_64 -isysroot /Library/Developer/CommandLineTools/SDKs/MacOSX12.3.sdk   -fstrict-aliasing -std=gnu++14 -MD -MT CMakeFiles/cmTC_b657e.dir/src.cxx.o -MF CMakeFiles/cmTC_b657e.dir/src.cxx.o.d -o CMakeFiles/cmTC_b657e.dir/src.cxx.o -c /Users/cpark/Desktop/valhalla/CMakeFiles/CMakeTmp/src.cxx
Linking CXX executable cmTC_b657e
/usr/local/Cellar/cmake/3.23.1/bin/cmake -E cmake_link_script CMakeFiles/cmTC_b657e.dir/link.txt --verbose=1
/Library/Developer/CommandLineTools/usr/bin/c++  -fcolor-diagnostics   -std=c++11  -Wall  -Wextra  -Wshadow  -Wsuggest-override  -pedantic  -pedantic-errors  -Wshorten-64-to-32  -fstrict-aliasing -arch x86_64 -isysroot /Library/Developer/CommandLineTools/SDKs/MacOSX12.3.sdk -Wl,-search_paths_first -Wl,-headerpad_max_install_names CMakeFiles/cmTC_b657e.dir/src.cxx.o -o cmTC_b657e  -F/Library/Frameworks 


Source file was:
int main() { return 0; }
Performing C++ SOURCE FILE Test HAVE_CXX_FLAG_WNO_DEPRECATED_DECLARATIONS succeeded with the following output:
Change Dir: /Users/cpark/Desktop/valhalla/CMakeFiles/CMakeTmp

Run Build Command(s):/usr/bin/make -f Makefile cmTC_187e4/fast && /Library/Developer/CommandLineTools/usr/bin/make  -f CMakeFiles/cmTC_187e4.dir/build.make CMakeFiles/cmTC_187e4.dir/build
Building CXX object CMakeFiles/cmTC_187e4.dir/src.cxx.o
/Library/Developer/CommandLineTools/usr/bin/c++ -DHAVE_CXX_FLAG_WNO_DEPRECATED_DECLARATIONS  -fcolor-diagnostics   -std=c++11  -Wall  -Wextra  -Wshadow  -Wsuggest-override  -pedantic  -pedantic-errors  -Wshorten-64-to-32  -fstrict-aliasing  -Wno-deprecated-declarations -arch x86_64 -isysroot /Library/Developer/CommandLineTools/SDKs/MacOSX12.3.sdk   -Wno-deprecated-declarations -std=gnu++14 -MD -MT CMakeFiles/cmTC_187e4.dir/src.cxx.o -MF CMakeFiles/cmTC_187e4.dir/src.cxx.o.d -o CMakeFiles/cmTC_187e4.dir/src.cxx.o -c /Users/cpark/Desktop/valhalla/CMakeFiles/CMakeTmp/src.cxx
Linking CXX executable cmTC_187e4
/usr/local/Cellar/cmake/3.23.1/bin/cmake -E cmake_link_script CMakeFiles/cmTC_187e4.dir/link.txt --verbose=1
/Library/Developer/CommandLineTools/usr/bin/c++  -fcolor-diagnostics   -std=c++11  -Wall  -Wextra  -Wshadow  -Wsuggest-override  -pedantic  -pedantic-errors  -Wshorten-64-to-32  -fstrict-aliasing  -Wno-deprecated-declarations -arch x86_64 -isysroot /Library/Developer/CommandLineTools/SDKs/MacOSX12.3.sdk -Wl,-search_paths_first -Wl,-headerpad_max_install_names CMakeFiles/cmTC_187e4.dir/src.cxx.o -o cmTC_187e4  -F/Library/Frameworks 


Source file was:
int main() { return 0; }
Performing C++ SOURCE FILE Test HAVE_CXX_FLAG_WNO_DEPRECATED succeeded with the following output:
Change Dir: /Users/cpark/Desktop/valhalla/CMakeFiles/CMakeTmp

Run Build Command(s):/usr/bin/make -f Makefile cmTC_8daac/fast && /Library/Developer/CommandLineTools/usr/bin/make  -f CMakeFiles/cmTC_8daac.dir/build.make CMakeFiles/cmTC_8daac.dir/build
Building CXX object CMakeFiles/cmTC_8daac.dir/src.cxx.o
/Library/Developer/CommandLineTools/usr/bin/c++ -DHAVE_CXX_FLAG_WNO_DEPRECATED  -fcolor-diagnostics   -std=c++11  -Wall  -Wextra  -Wshadow  -Wsuggest-override  -pedantic  -pedantic-errors  -Wshorten-64-to-32  -fstrict-aliasing  -Wno-deprecated-declarations  -Wno-deprecated -arch x86_64 -isysroot /Library/Developer/CommandLineTools/SDKs/MacOSX12.3.sdk   -Wno-deprecated -std=gnu++14 -MD -MT CMakeFiles/cmTC_8daac.dir/src.cxx.o -MF CMakeFiles/cmTC_8daac.dir/src.cxx.o.d -o CMakeFiles/cmTC_8daac.dir/src.cxx.o -c /Users/cpark/Desktop/valhalla/CMakeFiles/CMakeTmp/src.cxx
Linking CXX executable cmTC_8daac
/usr/local/Cellar/cmake/3.23.1/bin/cmake -E cmake_link_script CMakeFiles/cmTC_8daac.dir/link.txt --verbose=1
/Library/Developer/CommandLineTools/usr/bin/c++  -fcolor-diagnostics   -std=c++11  -Wall  -Wextra  -Wshadow  -Wsuggest-override  -pedantic  -pedantic-errors  -Wshorten-64-to-32  -fstrict-aliasing  -Wno-deprecated-declarations  -Wno-deprecated -arch x86_64 -isysroot /Library/Developer/CommandLineTools/SDKs/MacOSX12.3.sdk -Wl,-search_paths_first -Wl,-headerpad_max_install_names CMakeFiles/cmTC_8daac.dir/src.cxx.o -o cmTC_8daac  -F/Library/Frameworks 


Source file was:
int main() { return 0; }
Performing C++ SOURCE FILE Test HAVE_CXX_FLAG_WSTRICT_ALIASING succeeded with the following output:
Change Dir: /Users/cpark/Desktop/valhalla/CMakeFiles/CMakeTmp

Run Build Command(s):/usr/bin/make -f Makefile cmTC_a59ba/fast && /Library/Developer/CommandLineTools/usr/bin/make  -f CMakeFiles/cmTC_a59ba.dir/build.make CMakeFiles/cmTC_a59ba.dir/build
Building CXX object CMakeFiles/cmTC_a59ba.dir/src.cxx.o
/Library/Developer/CommandLineTools/usr/bin/c++ -DHAVE_CXX_FLAG_WSTRICT_ALIASING  -fcolor-diagnostics   -std=c++11  -Wall  -Wextra  -Wshadow  -Wsuggest-override  -pedantic  -pedantic-errors  -Wshorten-64-to-32  -fstrict-aliasing  -Wno-deprecated-declarations  -Wstrict-aliasing -arch x86_64 -isysroot /Library/Developer/CommandLineTools/SDKs/MacOSX12.3.sdk   -Wstrict-aliasing -std=gnu++14 -MD -MT CMakeFiles/cmTC_a59ba.dir/src.cxx.o -MF CMakeFiles/cmTC_a59ba.dir/src.cxx.o.d -o CMakeFiles/cmTC_a59ba.dir/src.cxx.o -c /Users/cpark/Desktop/valhalla/CMakeFiles/CMakeTmp/src.cxx
Linking CXX executable cmTC_a59ba
/usr/local/Cellar/cmake/3.23.1/bin/cmake -E cmake_link_script CMakeFiles/cmTC_a59ba.dir/link.txt --verbose=1
/Library/Developer/CommandLineTools/usr/bin/c++  -fcolor-diagnostics   -std=c++11  -Wall  -Wextra  -Wshadow  -Wsuggest-override  -pedantic  -pedantic-errors  -Wshorten-64-to-32  -fstrict-aliasing  -Wno-deprecated-declarations  -Wstrict-aliasing -arch x86_64 -isysroot /Library/Developer/CommandLineTools/SDKs/MacOSX12.3.sdk -Wl,-search_paths_first -Wl,-headerpad_max_install_names CMakeFiles/cmTC_a59ba.dir/src.cxx.o -o cmTC_a59ba  -F/Library/Frameworks 


Source file was:
int main() { return 0; }
Performing C++ SOURCE FILE Test HAVE_CXX_FLAG_WTHREAD_SAFETY succeeded with the following output:
Change Dir: /Users/cpark/Desktop/valhalla/CMakeFiles/CMakeTmp

Run Build Command(s):/usr/bin/make -f Makefile cmTC_3a5f6/fast && /Library/Developer/CommandLineTools/usr/bin/make  -f CMakeFiles/cmTC_3a5f6.dir/build.make CMakeFiles/cmTC_3a5f6.dir/build
Building CXX object CMakeFiles/cmTC_3a5f6.dir/src.cxx.o
/Library/Developer/CommandLineTools/usr/bin/c++ -DHAVE_CXX_FLAG_WTHREAD_SAFETY  -fcolor-diagnostics   -std=c++11  -Wall  -Wextra  -Wshadow  -Wsuggest-override  -pedantic  -pedantic-errors  -Wshorten-64-to-32  -fstrict-aliasing  -Wno-deprecated-declarations  -Wstrict-aliasing  -Wthread-safety -arch x86_64 -isysroot /Library/Developer/CommandLineTools/SDKs/MacOSX12.3.sdk   -Wthread-safety -std=gnu++14 -MD -MT CMakeFiles/cmTC_3a5f6.dir/src.cxx.o -MF CMakeFiles/cmTC_3a5f6.dir/src.cxx.o.d -o CMakeFiles/cmTC_3a5f6.dir/src.cxx.o -c /Users/cpark/Desktop/valhalla/CMakeFiles/CMakeTmp/src.cxx
Linking CXX executable cmTC_3a5f6
/usr/local/Cellar/cmake/3.23.1/bin/cmake -E cmake_link_script CMakeFiles/cmTC_3a5f6.dir/link.txt --verbose=1
/Library/Developer/CommandLineTools/usr/bin/c++  -fcolor-diagnostics   -std=c++11  -Wall  -Wextra  -Wshadow  -Wsuggest-override  -pedantic  -pedantic-errors  -Wshorten-64-to-32  -fstrict-aliasing  -Wno-deprecated-declarations  -Wstrict-aliasing  -Wthread-safety -arch x86_64 -isysroot /Library/Developer/CommandLineTools/SDKs/MacOSX12.3.sdk -Wl,-search_paths_first -Wl,-headerpad_max_install_names CMakeFiles/cmTC_3a5f6.dir/src.cxx.o -o cmTC_3a5f6  -F/Library/Frameworks 


Source file was:
int main() { return 0; }
Performing C++ SOURCE FILE Test HAVE_CXX_FLAG_COVERAGE succeeded with the following output:
Change Dir: /Users/cpark/Desktop/valhalla/CMakeFiles/CMakeTmp

Run Build Command(s):/usr/bin/make -f Makefile cmTC_15df4/fast && /Library/Developer/CommandLineTools/usr/bin/make  -f CMakeFiles/cmTC_15df4.dir/build.make CMakeFiles/cmTC_15df4.dir/build
Building CXX object CMakeFiles/cmTC_15df4.dir/src.cxx.o
/Library/Developer/CommandLineTools/usr/bin/c++ -DHAVE_CXX_FLAG_COVERAGE  -fcolor-diagnostics   -std=c++11  -Wall  -Wextra  -Wshadow  -Wsuggest-override  -pedantic  -pedantic-errors  -Wshorten-64-to-32  -fstrict-aliasing  -Wno-deprecated-declarations  -Wstrict-aliasing  -Wthread-safety  --coverage -arch x86_64 -isysroot /Library/Developer/CommandLineTools/SDKs/MacOSX12.3.sdk   --coverage -std=gnu++14 -MD -MT CMakeFiles/cmTC_15df4.dir/src.cxx.o -MF CMakeFiles/cmTC_15df4.dir/src.cxx.o.d -o CMakeFiles/cmTC_15df4.dir/src.cxx.o -c /Users/cpark/Desktop/valhalla/CMakeFiles/CMakeTmp/src.cxx
Linking CXX executable cmTC_15df4
/usr/local/Cellar/cmake/3.23.1/bin/cmake -E cmake_link_script CMakeFiles/cmTC_15df4.dir/link.txt --verbose=1
/Library/Developer/CommandLineTools/usr/bin/c++  -fcolor-diagnostics   -std=c++11  -Wall  -Wextra  -Wshadow  -Wsuggest-override  -pedantic  -pedantic-errors  -Wshorten-64-to-32  -fstrict-aliasing  -Wno-deprecated-declarations  -Wstrict-aliasing  -Wthread-safety  --coverage -arch x86_64 -isysroot /Library/Developer/CommandLineTools/SDKs/MacOSX12.3.sdk -Wl,-search_paths_first -Wl,-headerpad_max_install_names CMakeFiles/cmTC_15df4.dir/src.cxx.o -o cmTC_15df4  -F/Library/Frameworks 


Source file was:
int main() { return 0; }
